<?xml version="1.0" encoding="UTF-8"?>
<testng-results ignored="0" total="1" passed="1" failed="0" skipped="0">
  <reporter-output>
  </reporter-output>
  <suite started-at="2022-05-18T19:21:45Z" name="Default suite" finished-at="2022-05-18T19:21:59Z" duration-ms="13960">
    <groups>
    </groups>
    <test started-at="2022-05-18T19:21:45Z" name="Default test" finished-at="2022-05-18T19:21:59Z" duration-ms="13960">
      <class name="Com.Banking.test.qa.TC_Login001">
        <test-method is-config="true" signature="setup()[pri:0, instance:Com.Banking.test.qa.TC_Login001@571c5681]" started-at="2022-05-18T19:21:45Z" name="setup" finished-at="2022-05-18T19:21:49Z" duration-ms="3628" status="PASS">
          <reporter-output>
          </reporter-output>
        </test-method> <!-- setup -->
        <test-method signature="Tc_login()[pri:0, instance:Com.Banking.test.qa.TC_Login001@571c5681]" started-at="2022-05-18T19:21:49Z" name="Tc_login" finished-at="2022-05-18T19:21:59Z" duration-ms="10284" status="PASS">
          <reporter-output>
          </reporter-output>
        </test-method> <!-- Tc_login -->
        <test-method is-config="true" signature="tearDown()[pri:0, instance:Com.Banking.test.qa.TC_Login001@571c5681]" started-at="2022-05-18T19:21:59Z" name="tearDown" finished-at="2022-05-18T19:21:59Z" duration-ms="0" status="PASS">
          <reporter-output>
          </reporter-output>
        </test-method> <!-- tearDown -->
      </class> <!-- Com.Banking.test.qa.TC_Login001 -->
    </test> <!-- Default test -->
  </suite> <!-- Default suite -->
</testng-results>
